<?xml version="1.0" encoding="UTF-8"?>
<testsuite errors="0" failures="0" hostname="Sandep-ThinkPad-L420" name="com.cts.utility.SoapUrlRequestTest" tests="1" time="0.087" timestamp="2013-10-07T06:28:15">
  <properties />
  <testcase classname="com.cts.utility.SoapUrlRequestTest" name="itShouldCreateTheSoapRequest" time="0.08" />
  <system-out><![CDATA[]]></system-out>
  <system-err><![CDATA[]]></system-err>
</testsuite>
