<?xml version="1.0" encoding="UTF-8"?>
<testsuite errors="0" failures="0" hostname="Sandep-ThinkPad-L420" name="com.cts.controller.ShieldControllerTest" tests="1" time="0.0060" timestamp="2013-10-08T11:03:45">
  <properties />
  <testcase classname="com.cts.controller.ShieldControllerTest" name="itShouldReturnShield" time="0.0010" />
  <system-out><![CDATA[]]></system-out>
  <system-err><![CDATA[]]></system-err>
</testsuite>
