<?xml version="1.0" encoding="UTF-8"?>
<testsuite errors="0" failures="0" hostname="Sandep-ThinkPad-L420" name="com.cts.service.BundleDetailsServiceTest" tests="1" time="1.027" timestamp="2013-10-07T06:28:14">
  <properties />
  <testcase classname="com.cts.service.BundleDetailsServiceTest" name="itShouldReturnBundleFromXMLProducedFromSoapCall" time="0.375" />
  <system-out><![CDATA[]]></system-out>
  <system-err><![CDATA[]]></system-err>
</testsuite>
